{
"/Users/sdt/Desktop/Triumpet/server/app.js":{"path":"/Users/sdt/Desktop/Triumpet/server/app.js","s":{"1":0,"2":0,"3":0,"4":0,"5":0,"6":0,"7":0},"b":{"1":[0,0]},"f":{},"fnMap":{},"statementMap":{"1":{"start":{"line":1,"column":0},"end":{"line":1,"column":40}},"2":{"start":{"line":2,"column":0},"end":{"line":2,"column":41}},"3":{"start":{"line":4,"column":0},"end":{"line":4,"column":20}},"4":{"start":{"line":8,"column":0},"end":{"line":8,"column":74}},"5":{"start":{"line":11,"column":0},"end":{"line":11,"column":25}},"6":{"start":{"line":14,"column":0},"end":{"line":14,"column":44}},"7":{"start":{"line":17,"column":0},"end":{"line":17,"column":21}}},"branchMap":{"1":{"line":8,"type":"binary-expr","locations":[{"start":{"line":8,"column":21},"end":{"line":8,"column":39}},{"start":{"line":8,"column":43},"end":{"line":8,"column":73}}]}},"l":{"1":0,"2":0,"4":0,"8":0,"11":0,"14":0,"17":0}},
"/Users/sdt/Desktop/Triumpet/server/config/router.js":{"path":"/Users/sdt/Desktop/Triumpet/server/config/router.js","s":{"1":0,"2":0,"3":0,"4":0,"5":0,"6":0,"7":0,"8":0,"9":0,"10":0,"11":0,"12":0,"13":0,"14":0,"15":0,"16":0,"17":0,"18":0,"19":0,"20":0,"21":0,"22":0,"23":0,"24":0,"25":0,"26":0,"27":0},"b":{},"f":{"1":0,"2":0},"fnMap":{"1":{"name":"(anonymous_1)","line":11,"loc":{"start":{"line":11,"column":17},"end":{"line":11,"column":40}}},"2":{"name":"(anonymous_2)","line":22,"loc":{"start":{"line":22,"column":21},"end":{"line":22,"column":38}}}},"statementMap":{"1":{"start":{"line":4,"column":0},"end":{"line":4,"column":36}},"2":{"start":{"line":5,"column":0},"end":{"line":5,"column":44}},"3":{"start":{"line":7,"column":0},"end":{"line":7,"column":59}},"4":{"start":{"line":8,"column":0},"end":{"line":8,"column":55}},"5":{"start":{"line":9,"column":0},"end":{"line":9,"column":55}},"6":{"start":{"line":11,"column":0},"end":{"line":46,"column":2}},"7":{"start":{"line":13,"column":2},"end":{"line":13,"column":51}},"8":{"start":{"line":14,"column":2},"end":{"line":14,"column":29}},"9":{"start":{"line":15,"column":2},"end":{"line":15,"column":36}},"10":{"start":{"line":16,"column":2},"end":{"line":16,"column":33}},"11":{"start":{"line":19,"column":2},"end":{"line":19,"column":55}},"12":{"start":{"line":22,"column":2},"end":{"line":24,"column":4}},"13":{"start":{"line":23,"column":4},"end":{"line":23,"column":29}},"14":{"start":{"line":27,"column":2},"end":{"line":27,"column":53}},"15":{"start":{"line":28,"column":2},"end":{"line":28,"column":53}},"16":{"start":{"line":29,"column":2},"end":{"line":29,"column":43}},"17":{"start":{"line":30,"column":2},"end":{"line":30,"column":56}},"18":{"start":{"line":31,"column":2},"end":{"line":31,"column":55}},"19":{"start":{"line":32,"column":2},"end":{"line":32,"column":58}},"20":{"start":{"line":35,"column":2},"end":{"line":35,"column":49}},"21":{"start":{"line":36,"column":2},"end":{"line":36,"column":46}},"22":{"start":{"line":37,"column":2},"end":{"line":37,"column":54}},"23":{"start":{"line":38,"column":2},"end":{"line":38,"column":56}},"24":{"start":{"line":41,"column":2},"end":{"line":41,"column":45}},"25":{"start":{"line":42,"column":2},"end":{"line":42,"column":45}},"26":{"start":{"line":43,"column":2},"end":{"line":43,"column":47}},"27":{"start":{"line":44,"column":2},"end":{"line":44,"column":50}}},"branchMap":{},"l":{"4":0,"5":0,"7":0,"8":0,"9":0,"11":0,"13":0,"14":0,"15":0,"16":0,"19":0,"22":0,"23":0,"27":0,"28":0,"29":0,"30":0,"31":0,"32":0,"35":0,"36":0,"37":0,"38":0,"41":0,"42":0,"43":0,"44":0}},
"/Users/sdt/Desktop/Triumpet/server/items/controller.js":{"path":"/Users/sdt/Desktop/Triumpet/server/items/controller.js","s":{"1":0,"2":0,"3":0,"4":0,"5":0,"6":0,"7":0,"8":0,"9":0,"10":0,"11":0,"12":0,"13":0,"14":0,"15":0,"16":0,"17":0,"18":0,"19":0,"20":0,"21":0,"22":0,"23":0,"24":0,"25":0,"26":0,"27":0,"28":0,"29":0,"30":0,"31":0,"32":0,"33":0,"34":0,"35":0,"36":0,"37":0,"38":0,"39":0,"40":0,"41":0,"42":0,"43":0,"44":0,"45":0,"46":0,"47":0,"48":0,"49":0,"50":0,"51":0,"52":0,"53":0},"b":{"1":[0,0],"2":[0,0],"3":[0,0],"4":[0,0],"5":[0,0],"6":[0,0],"7":[0,0]},"f":{"1":0,"2":0,"3":0,"4":0,"5":0,"6":0,"7":0,"8":0,"9":0,"10":0,"11":0,"12":0,"13":0},"fnMap":{"1":{"name":"(anonymous_1)","line":16,"loc":{"start":{"line":16,"column":20},"end":{"line":16,"column":42}}},"2":{"name":"(anonymous_2)","line":19,"loc":{"start":{"line":19,"column":10},"end":{"line":19,"column":28}}},"3":{"name":"(anonymous_3)","line":24,"loc":{"start":{"line":24,"column":16},"end":{"line":24,"column":30}}},"4":{"name":"(anonymous_4)","line":33,"loc":{"start":{"line":33,"column":16},"end":{"line":33,"column":31}}},"5":{"name":"(anonymous_5)","line":41,"loc":{"start":{"line":41,"column":18},"end":{"line":41,"column":40}}},"6":{"name":"(anonymous_6)","line":44,"loc":{"start":{"line":44,"column":10},"end":{"line":44,"column":28}}},"7":{"name":"(anonymous_7)","line":49,"loc":{"start":{"line":49,"column":16},"end":{"line":49,"column":30}}},"8":{"name":"(anonymous_8)","line":57,"loc":{"start":{"line":57,"column":20},"end":{"line":57,"column":42}}},"9":{"name":"(anonymous_9)","line":61,"loc":{"start":{"line":61,"column":10},"end":{"line":61,"column":28}}},"10":{"name":"(anonymous_10)","line":66,"loc":{"start":{"line":66,"column":16},"end":{"line":66,"column":30}}},"11":{"name":"(anonymous_11)","line":82,"loc":{"start":{"line":82,"column":20},"end":{"line":82,"column":42}}},"12":{"name":"(anonymous_12)","line":86,"loc":{"start":{"line":86,"column":10},"end":{"line":86,"column":28}}},"13":{"name":"(anonymous_13)","line":91,"loc":{"start":{"line":91,"column":16},"end":{"line":91,"column":30}}}},"statementMap":{"1":{"start":{"line":2,"column":0},"end":{"line":2,"column":37}},"2":{"start":{"line":3,"column":0},"end":{"line":3,"column":48}},"3":{"start":{"line":4,"column":0},"end":{"line":4,"column":28}},"4":{"start":{"line":5,"column":0},"end":{"line":5,"column":37}},"5":{"start":{"line":7,"column":0},"end":{"line":7,"column":20}},"6":{"start":{"line":10,"column":0},"end":{"line":10,"column":59}},"7":{"start":{"line":11,"column":0},"end":{"line":11,"column":50}},"8":{"start":{"line":12,"column":0},"end":{"line":12,"column":48}},"9":{"start":{"line":13,"column":0},"end":{"line":13,"column":51}},"10":{"start":{"line":16,"column":0},"end":{"line":38,"column":1}},"11":{"start":{"line":17,"column":2},"end":{"line":17,"column":37}},"12":{"start":{"line":18,"column":2},"end":{"line":37,"column":7}},"13":{"start":{"line":20,"column":6},"end":{"line":36,"column":7}},"14":{"start":{"line":21,"column":8},"end":{"line":21,"column":51}},"15":{"start":{"line":23,"column":8},"end":{"line":35,"column":12}},"16":{"start":{"line":25,"column":12},"end":{"line":31,"column":13}},"17":{"start":{"line":26,"column":14},"end":{"line":26,"column":50}},"18":{"start":{"line":27,"column":14},"end":{"line":27,"column":29}},"19":{"start":{"line":28,"column":14},"end":{"line":28,"column":42}},"20":{"start":{"line":30,"column":14},"end":{"line":30,"column":51}},"21":{"start":{"line":34,"column":12},"end":{"line":34,"column":24}},"22":{"start":{"line":41,"column":0},"end":{"line":54,"column":1}},"23":{"start":{"line":42,"column":2},"end":{"line":42,"column":37}},"24":{"start":{"line":43,"column":2},"end":{"line":53,"column":7}},"25":{"start":{"line":45,"column":6},"end":{"line":52,"column":7}},"26":{"start":{"line":46,"column":8},"end":{"line":46,"column":51}},"27":{"start":{"line":48,"column":8},"end":{"line":51,"column":13}},"28":{"start":{"line":50,"column":12},"end":{"line":50,"column":27}},"29":{"start":{"line":57,"column":0},"end":{"line":79,"column":1}},"30":{"start":{"line":58,"column":2},"end":{"line":58,"column":37}},"31":{"start":{"line":59,"column":2},"end":{"line":59,"column":33}},"32":{"start":{"line":60,"column":2},"end":{"line":78,"column":7}},"33":{"start":{"line":62,"column":6},"end":{"line":77,"column":7}},"34":{"start":{"line":63,"column":8},"end":{"line":63,"column":51}},"35":{"start":{"line":65,"column":8},"end":{"line":76,"column":13}},"36":{"start":{"line":67,"column":12},"end":{"line":75,"column":13}},"37":{"start":{"line":68,"column":14},"end":{"line":68,"column":52}},"38":{"start":{"line":70,"column":14},"end":{"line":72,"column":15}},"39":{"start":{"line":71,"column":16},"end":{"line":71,"column":42}},"40":{"start":{"line":73,"column":14},"end":{"line":73,"column":26}},"41":{"start":{"line":74,"column":14},"end":{"line":74,"column":34}},"42":{"start":{"line":82,"column":0},"end":{"line":101,"column":1}},"43":{"start":{"line":83,"column":2},"end":{"line":83,"column":37}},"44":{"start":{"line":84,"column":2},"end":{"line":84,"column":33}},"45":{"start":{"line":85,"column":2},"end":{"line":100,"column":7}},"46":{"start":{"line":87,"column":6},"end":{"line":99,"column":7}},"47":{"start":{"line":88,"column":8},"end":{"line":88,"column":51}},"48":{"start":{"line":90,"column":8},"end":{"line":98,"column":13}},"49":{"start":{"line":92,"column":12},"end":{"line":97,"column":13}},"50":{"start":{"line":93,"column":14},"end":{"line":93,"column":52}},"51":{"start":{"line":95,"column":14},"end":{"line":95,"column":28}},"52":{"start":{"line":96,"column":14},"end":{"line":96,"column":34}},"53":{"start":{"line":103,"column":0},"end":{"line":103,"column":28}}},"branchMap":{"1":{"line":20,"type":"if","locations":[{"start":{"line":20,"column":6},"end":{"line":20,"column":6}},{"start":{"line":20,"column":6},"end":{"line":20,"column":6}}]},"2":{"line":25,"type":"if","locations":[{"start":{"line":25,"column":12},"end":{"line":25,"column":12}},{"start":{"line":25,"column":12},"end":{"line":25,"column":12}}]},"3":{"line":45,"type":"if","locations":[{"start":{"line":45,"column":6},"end":{"line":45,"column":6}},{"start":{"line":45,"column":6},"end":{"line":45,"column":6}}]},"4":{"line":62,"type":"if","locations":[{"start":{"line":62,"column":6},"end":{"line":62,"column":6}},{"start":{"line":62,"column":6},"end":{"line":62,"column":6}}]},"5":{"line":67,"type":"if","locations":[{"start":{"line":67,"column":12},"end":{"line":67,"column":12}},{"start":{"line":67,"column":12},"end":{"line":67,"column":12}}]},"6":{"line":87,"type":"if","locations":[{"start":{"line":87,"column":6},"end":{"line":87,"column":6}},{"start":{"line":87,"column":6},"end":{"line":87,"column":6}}]},"7":{"line":92,"type":"if","locations":[{"start":{"line":92,"column":12},"end":{"line":92,"column":12}},{"start":{"line":92,"column":12},"end":{"line":92,"column":12}}]}},"l":{"2":0,"3":0,"4":0,"5":0,"7":0,"10":0,"11":0,"12":0,"13":0,"16":0,"17":0,"18":0,"20":0,"21":0,"23":0,"25":0,"26":0,"27":0,"28":0,"30":0,"34":0,"41":0,"42":0,"43":0,"45":0,"46":0,"48":0,"50":0,"57":0,"58":0,"59":0,"60":0,"62":0,"63":0,"65":0,"67":0,"68":0,"70":0,"71":0,"73":0,"74":0,"82":0,"83":0,"84":0,"85":0,"87":0,"88":0,"90":0,"92":0,"93":0,"95":0,"96":0,"103":0}},
"/Users/sdt/Desktop/Triumpet/server/items/model.js":{"path":"/Users/sdt/Desktop/Triumpet/server/items/model.js","s":{"1":0,"2":0,"3":0,"4":0},"b":{},"f":{},"fnMap":{},"statementMap":{"1":{"start":{"line":1,"column":0},"end":{"line":1,"column":44}},"2":{"start":{"line":2,"column":0},"end":{"line":2,"column":69}},"3":{"start":{"line":10,"column":0},"end":{"line":22,"column":3}},"4":{"start":{"line":24,"column":0},"end":{"line":24,"column":53}}},"branchMap":{},"l":{"1":0,"2":0,"10":0,"24":0}},
"/Users/sdt/Desktop/Triumpet/server/retailers/controller.js":{"path":"/Users/sdt/Desktop/Triumpet/server/retailers/controller.js","s":{"1":0,"2":0,"3":0,"4":0,"5":0,"6":0,"7":0,"8":0,"9":0,"10":0,"11":0,"12":0,"13":0,"14":0,"15":0,"16":0,"17":0,"18":0,"19":0,"20":0,"21":0,"22":0,"23":0,"24":0,"25":0,"26":0,"27":0,"28":0,"29":0,"30":0,"31":0,"32":0,"33":0,"34":0,"35":0,"36":0,"37":0,"38":0,"39":0,"40":0,"41":0,"42":0,"43":0,"44":0,"45":0,"46":0,"47":0,"48":0,"49":0,"50":0,"51":0,"52":0,"53":0,"54":0,"55":0,"56":0,"57":0,"58":0,"59":0},"b":{"1":[0,0],"2":[0,0],"3":[0,0],"4":[0,0],"5":[0,0],"6":[0,0],"7":[0,0]},"f":{"1":0,"2":0,"3":0,"4":0,"5":0,"6":0,"7":0,"8":0,"9":0,"10":0,"11":0,"12":0,"13":0,"14":0,"15":0,"16":0,"17":0,"18":0,"19":0},"fnMap":{"1":{"name":"(anonymous_1)","line":13,"loc":{"start":{"line":13,"column":20},"end":{"line":13,"column":42}}},"2":{"name":"(anonymous_2)","line":17,"loc":{"start":{"line":17,"column":10},"end":{"line":17,"column":28}}},"3":{"name":"(anonymous_3)","line":24,"loc":{"start":{"line":24,"column":10},"end":{"line":24,"column":28}}},"4":{"name":"(anonymous_4)","line":29,"loc":{"start":{"line":29,"column":10},"end":{"line":29,"column":25}}},"5":{"name":"(anonymous_5)","line":35,"loc":{"start":{"line":35,"column":20},"end":{"line":35,"column":42}}},"6":{"name":"(anonymous_6)","line":39,"loc":{"start":{"line":39,"column":10},"end":{"line":39,"column":28}}},"7":{"name":"(anonymous_7)","line":45,"loc":{"start":{"line":45,"column":16},"end":{"line":45,"column":34}}},"8":{"name":"(anonymous_8)","line":57,"loc":{"start":{"line":57,"column":10},"end":{"line":57,"column":23}}},"9":{"name":"(anonymous_9)","line":63,"loc":{"start":{"line":63,"column":18},"end":{"line":63,"column":40}}},"10":{"name":"(anonymous_10)","line":64,"loc":{"start":{"line":64,"column":45},"end":{"line":64,"column":68}}},"11":{"name":"(anonymous_11)","line":74,"loc":{"start":{"line":74,"column":21},"end":{"line":74,"column":43}}},"12":{"name":"(anonymous_12)","line":76,"loc":{"start":{"line":76,"column":10},"end":{"line":76,"column":28}}},"13":{"name":"(anonymous_13)","line":84,"loc":{"start":{"line":84,"column":10},"end":{"line":84,"column":23}}},"14":{"name":"(anonymous_14)","line":90,"loc":{"start":{"line":90,"column":20},"end":{"line":90,"column":42}}},"15":{"name":"(anonymous_15)","line":92,"loc":{"start":{"line":92,"column":10},"end":{"line":92,"column":28}}},"16":{"name":"(anonymous_16)","line":105,"loc":{"start":{"line":105,"column":10},"end":{"line":105,"column":25}}},"17":{"name":"(anonymous_17)","line":111,"loc":{"start":{"line":111,"column":20},"end":{"line":111,"column":42}}},"18":{"name":"(anonymous_18)","line":113,"loc":{"start":{"line":113,"column":10},"end":{"line":113,"column":28}}},"19":{"name":"(anonymous_19)","line":121,"loc":{"start":{"line":121,"column":10},"end":{"line":121,"column":25}}}},"statementMap":{"1":{"start":{"line":2,"column":0},"end":{"line":2,"column":37}},"2":{"start":{"line":3,"column":0},"end":{"line":3,"column":28}},"3":{"start":{"line":4,"column":0},"end":{"line":4,"column":37}},"4":{"start":{"line":6,"column":0},"end":{"line":6,"column":20}},"5":{"start":{"line":9,"column":0},"end":{"line":9,"column":51}},"6":{"start":{"line":10,"column":0},"end":{"line":10,"column":50}},"7":{"start":{"line":13,"column":0},"end":{"line":32,"column":2}},"8":{"start":{"line":14,"column":2},"end":{"line":14,"column":35}},"9":{"start":{"line":16,"column":2},"end":{"line":31,"column":7}},"10":{"start":{"line":18,"column":6},"end":{"line":22,"column":7}},"11":{"start":{"line":19,"column":8},"end":{"line":19,"column":50}},"12":{"start":{"line":21,"column":8},"end":{"line":21,"column":32}},"13":{"start":{"line":26,"column":6},"end":{"line":26,"column":48}},"14":{"start":{"line":27,"column":6},"end":{"line":27,"column":31}},"15":{"start":{"line":30,"column":6},"end":{"line":30,"column":18}},"16":{"start":{"line":35,"column":0},"end":{"line":60,"column":2}},"17":{"start":{"line":36,"column":2},"end":{"line":36,"column":35}},"18":{"start":{"line":37,"column":2},"end":{"line":37,"column":91}},"19":{"start":{"line":38,"column":2},"end":{"line":59,"column":6}},"20":{"start":{"line":40,"column":6},"end":{"line":55,"column":7}},"21":{"start":{"line":41,"column":8},"end":{"line":41,"column":51}},"22":{"start":{"line":43,"column":8},"end":{"line":43,"column":37}},"23":{"start":{"line":44,"column":8},"end":{"line":54,"column":12}},"24":{"start":{"line":46,"column":12},"end":{"line":46,"column":41}},"25":{"start":{"line":47,"column":12},"end":{"line":53,"column":13}},"26":{"start":{"line":49,"column":14},"end":{"line":49,"column":56}},"27":{"start":{"line":50,"column":14},"end":{"line":50,"column":39}},"28":{"start":{"line":52,"column":14},"end":{"line":52,"column":55}},"29":{"start":{"line":58,"column":6},"end":{"line":58,"column":16}},"30":{"start":{"line":63,"column":0},"end":{"line":71,"column":2}},"31":{"start":{"line":64,"column":2},"end":{"line":70,"column":5}},"32":{"start":{"line":65,"column":4},"end":{"line":69,"column":5}},"33":{"start":{"line":66,"column":6},"end":{"line":66,"column":26}},"34":{"start":{"line":68,"column":6},"end":{"line":68,"column":26}},"35":{"start":{"line":74,"column":0},"end":{"line":87,"column":2}},"36":{"start":{"line":75,"column":2},"end":{"line":86,"column":6}},"37":{"start":{"line":77,"column":6},"end":{"line":82,"column":7}},"38":{"start":{"line":78,"column":8},"end":{"line":78,"column":51}},"39":{"start":{"line":80,"column":8},"end":{"line":80,"column":38}},"40":{"start":{"line":81,"column":8},"end":{"line":81,"column":27}},"41":{"start":{"line":85,"column":6},"end":{"line":85,"column":16}},"42":{"start":{"line":90,"column":0},"end":{"line":108,"column":2}},"43":{"start":{"line":91,"column":2},"end":{"line":107,"column":7}},"44":{"start":{"line":93,"column":6},"end":{"line":103,"column":7}},"45":{"start":{"line":94,"column":8},"end":{"line":94,"column":51}},"46":{"start":{"line":97,"column":8},"end":{"line":99,"column":9}},"47":{"start":{"line":98,"column":10},"end":{"line":98,"column":42}},"48":{"start":{"line":100,"column":8},"end":{"line":100,"column":24}},"49":{"start":{"line":101,"column":8},"end":{"line":101,"column":39}},"50":{"start":{"line":102,"column":8},"end":{"line":102,"column":28}},"51":{"start":{"line":106,"column":6},"end":{"line":106,"column":18}},"52":{"start":{"line":111,"column":0},"end":{"line":124,"column":2}},"53":{"start":{"line":112,"column":2},"end":{"line":123,"column":7}},"54":{"start":{"line":114,"column":6},"end":{"line":119,"column":7}},"55":{"start":{"line":115,"column":8},"end":{"line":115,"column":51}},"56":{"start":{"line":117,"column":8},"end":{"line":117,"column":26}},"57":{"start":{"line":118,"column":8},"end":{"line":118,"column":28}},"58":{"start":{"line":122,"column":6},"end":{"line":122,"column":18}},"59":{"start":{"line":126,"column":0},"end":{"line":126,"column":28}}},"branchMap":{"1":{"line":18,"type":"if","locations":[{"start":{"line":18,"column":6},"end":{"line":18,"column":6}},{"start":{"line":18,"column":6},"end":{"line":18,"column":6}}]},"2":{"line":40,"type":"if","locations":[{"start":{"line":40,"column":6},"end":{"line":40,"column":6}},{"start":{"line":40,"column":6},"end":{"line":40,"column":6}}]},"3":{"line":47,"type":"if","locations":[{"start":{"line":47,"column":12},"end":{"line":47,"column":12}},{"start":{"line":47,"column":12},"end":{"line":47,"column":12}}]},"4":{"line":65,"type":"if","locations":[{"start":{"line":65,"column":4},"end":{"line":65,"column":4}},{"start":{"line":65,"column":4},"end":{"line":65,"column":4}}]},"5":{"line":77,"type":"if","locations":[{"start":{"line":77,"column":6},"end":{"line":77,"column":6}},{"start":{"line":77,"column":6},"end":{"line":77,"column":6}}]},"6":{"line":93,"type":"if","locations":[{"start":{"line":93,"column":6},"end":{"line":93,"column":6}},{"start":{"line":93,"column":6},"end":{"line":93,"column":6}}]},"7":{"line":114,"type":"if","locations":[{"start":{"line":114,"column":6},"end":{"line":114,"column":6}},{"start":{"line":114,"column":6},"end":{"line":114,"column":6}}]}},"l":{"2":0,"3":0,"4":0,"6":0,"9":0,"10":0,"13":0,"14":0,"16":0,"18":0,"19":0,"21":0,"26":0,"27":0,"30":0,"35":0,"36":0,"37":0,"38":0,"40":0,"41":0,"43":0,"44":0,"46":0,"47":0,"49":0,"50":0,"52":0,"58":0,"63":0,"64":0,"65":0,"66":0,"68":0,"74":0,"75":0,"77":0,"78":0,"80":0,"81":0,"85":0,"90":0,"91":0,"93":0,"94":0,"97":0,"98":0,"100":0,"101":0,"102":0,"106":0,"111":0,"112":0,"114":0,"115":0,"117":0,"118":0,"122":0,"126":0}},
"/Users/sdt/Desktop/Triumpet/server/retailers/model.js":{"path":"/Users/sdt/Desktop/Triumpet/server/retailers/model.js","s":{"1":0,"2":0,"3":0,"4":0,"5":0,"6":0,"7":0,"8":0,"9":0,"10":0,"11":0,"12":0,"13":0,"14":0,"15":0,"16":0,"17":0,"18":0,"19":0,"20":0,"21":0,"22":0,"23":0,"24":0,"25":0,"26":0,"27":0,"28":0,"29":0,"30":0},"b":{"1":[0,0],"2":[0,0],"3":[0,0],"4":[0,0]},"f":{"1":0,"2":0,"3":0,"4":0,"5":0},"fnMap":{"1":{"name":"(anonymous_1)","line":32,"loc":{"start":{"line":32,"column":42},"end":{"line":32,"column":58}}},"2":{"name":"(anonymous_2)","line":36,"loc":{"start":{"line":36,"column":33},"end":{"line":36,"column":54}}},"3":{"name":"(anonymous_3)","line":47,"loc":{"start":{"line":47,"column":27},"end":{"line":47,"column":41}}},"4":{"name":"(anonymous_4)","line":56,"loc":{"start":{"line":56,"column":35},"end":{"line":56,"column":53}}},"5":{"name":"(anonymous_5)","line":61,"loc":{"start":{"line":61,"column":46},"end":{"line":61,"column":64}}}},"statementMap":{"1":{"start":{"line":1,"column":0},"end":{"line":1,"column":44}},"2":{"start":{"line":2,"column":0},"end":{"line":2,"column":49}},"3":{"start":{"line":3,"column":0},"end":{"line":3,"column":37}},"4":{"start":{"line":4,"column":0},"end":{"line":4,"column":58}},"5":{"start":{"line":5,"column":0},"end":{"line":5,"column":54}},"6":{"start":{"line":6,"column":0},"end":{"line":6,"column":27}},"7":{"start":{"line":12,"column":0},"end":{"line":29,"column":3}},"8":{"start":{"line":32,"column":0},"end":{"line":44,"column":2}},"9":{"start":{"line":33,"column":2},"end":{"line":33,"column":24}},"10":{"start":{"line":34,"column":2},"end":{"line":34,"column":31}},"11":{"start":{"line":35,"column":2},"end":{"line":35,"column":54}},"12":{"start":{"line":36,"column":2},"end":{"line":42,"column":5}},"13":{"start":{"line":37,"column":4},"end":{"line":41,"column":5}},"14":{"start":{"line":38,"column":6},"end":{"line":38,"column":24}},"15":{"start":{"line":40,"column":6},"end":{"line":40,"column":29}},"16":{"start":{"line":43,"column":2},"end":{"line":43,"column":23}},"17":{"start":{"line":47,"column":0},"end":{"line":72,"column":3}},"18":{"start":{"line":48,"column":2},"end":{"line":48,"column":22}},"19":{"start":{"line":51,"column":2},"end":{"line":53,"column":3}},"20":{"start":{"line":52,"column":4},"end":{"line":52,"column":18}},"21":{"start":{"line":56,"column":2},"end":{"line":71,"column":5}},"22":{"start":{"line":57,"column":4},"end":{"line":59,"column":5}},"23":{"start":{"line":58,"column":6},"end":{"line":58,"column":23}},"24":{"start":{"line":61,"column":4},"end":{"line":70,"column":7}},"25":{"start":{"line":62,"column":6},"end":{"line":64,"column":7}},"26":{"start":{"line":63,"column":8},"end":{"line":63,"column":25}},"27":{"start":{"line":67,"column":6},"end":{"line":67,"column":31}},"28":{"start":{"line":68,"column":6},"end":{"line":68,"column":27}},"29":{"start":{"line":69,"column":6},"end":{"line":69,"column":13}},"30":{"start":{"line":75,"column":0},"end":{"line":75,"column":61}}},"branchMap":{"1":{"line":37,"type":"if","locations":[{"start":{"line":37,"column":4},"end":{"line":37,"column":4}},{"start":{"line":37,"column":4},"end":{"line":37,"column":4}}]},"2":{"line":51,"type":"if","locations":[{"start":{"line":51,"column":2},"end":{"line":51,"column":2}},{"start":{"line":51,"column":2},"end":{"line":51,"column":2}}]},"3":{"line":57,"type":"if","locations":[{"start":{"line":57,"column":4},"end":{"line":57,"column":4}},{"start":{"line":57,"column":4},"end":{"line":57,"column":4}}]},"4":{"line":62,"type":"if","locations":[{"start":{"line":62,"column":6},"end":{"line":62,"column":6}},{"start":{"line":62,"column":6},"end":{"line":62,"column":6}}]}},"l":{"1":0,"2":0,"3":0,"4":0,"5":0,"6":0,"12":0,"32":0,"33":0,"34":0,"35":0,"36":0,"37":0,"38":0,"40":0,"43":0,"47":0,"48":0,"51":0,"52":0,"56":0,"57":0,"58":0,"61":0,"62":0,"63":0,"67":0,"68":0,"69":0,"75":0}},
"/Users/sdt/Desktop/Triumpet/server/users/controller.js":{"path":"/Users/sdt/Desktop/Triumpet/server/users/controller.js","s":{"1":0,"2":0,"3":0,"4":0,"5":0,"6":0,"7":0,"8":0,"9":0,"10":0,"11":0,"12":0,"13":0,"14":0,"15":0,"16":0,"17":0,"18":0,"19":0,"20":0,"21":0,"22":0,"23":0,"24":0,"25":0,"26":0,"27":0,"28":0,"29":0,"30":0,"31":0,"32":0,"33":0,"34":0,"35":0,"36":0,"37":0,"38":0,"39":0,"40":0,"41":0,"42":0,"43":0},"b":{"1":[0,0],"2":[0,0],"3":[0,0],"4":[0,0],"5":[0,0]},"f":{"1":0,"2":0,"3":0,"4":0,"5":0,"6":0,"7":0,"8":0,"9":0,"10":0,"11":0,"12":0,"13":0,"14":0},"fnMap":{"1":{"name":"(anonymous_1)","line":13,"loc":{"start":{"line":13,"column":20},"end":{"line":13,"column":42}}},"2":{"name":"(anonymous_2)","line":17,"loc":{"start":{"line":17,"column":10},"end":{"line":17,"column":24}}},"3":{"name":"(anonymous_3)","line":24,"loc":{"start":{"line":24,"column":10},"end":{"line":24,"column":24}}},"4":{"name":"(anonymous_4)","line":29,"loc":{"start":{"line":29,"column":10},"end":{"line":29,"column":25}}},"5":{"name":"(anonymous_5)","line":35,"loc":{"start":{"line":35,"column":20},"end":{"line":35,"column":42}}},"6":{"name":"(anonymous_6)","line":39,"loc":{"start":{"line":39,"column":10},"end":{"line":39,"column":24}}},"7":{"name":"(anonymous_7)","line":44,"loc":{"start":{"line":44,"column":16},"end":{"line":44,"column":34}}},"8":{"name":"(anonymous_8)","line":55,"loc":{"start":{"line":55,"column":10},"end":{"line":55,"column":23}}},"9":{"name":"(anonymous_9)","line":61,"loc":{"start":{"line":61,"column":20},"end":{"line":61,"column":42}}},"10":{"name":"(anonymous_10)","line":63,"loc":{"start":{"line":63,"column":10},"end":{"line":63,"column":24}}},"11":{"name":"(anonymous_11)","line":75,"loc":{"start":{"line":75,"column":10},"end":{"line":75,"column":25}}},"12":{"name":"(anonymous_12)","line":81,"loc":{"start":{"line":81,"column":20},"end":{"line":81,"column":42}}},"13":{"name":"(anonymous_13)","line":83,"loc":{"start":{"line":83,"column":10},"end":{"line":83,"column":24}}},"14":{"name":"(anonymous_14)","line":91,"loc":{"start":{"line":91,"column":10},"end":{"line":91,"column":25}}}},"statementMap":{"1":{"start":{"line":2,"column":0},"end":{"line":2,"column":33}},"2":{"start":{"line":3,"column":0},"end":{"line":3,"column":28}},"3":{"start":{"line":4,"column":0},"end":{"line":4,"column":37}},"4":{"start":{"line":6,"column":0},"end":{"line":6,"column":20}},"5":{"start":{"line":9,"column":0},"end":{"line":9,"column":43}},"6":{"start":{"line":10,"column":0},"end":{"line":10,"column":42}},"7":{"start":{"line":13,"column":0},"end":{"line":32,"column":2}},"8":{"start":{"line":14,"column":2},"end":{"line":14,"column":35}},"9":{"start":{"line":16,"column":2},"end":{"line":31,"column":7}},"10":{"start":{"line":18,"column":6},"end":{"line":22,"column":7}},"11":{"start":{"line":19,"column":8},"end":{"line":19,"column":46}},"12":{"start":{"line":21,"column":8},"end":{"line":21,"column":32}},"13":{"start":{"line":26,"column":6},"end":{"line":26,"column":48}},"14":{"start":{"line":27,"column":6},"end":{"line":27,"column":31}},"15":{"start":{"line":30,"column":6},"end":{"line":30,"column":18}},"16":{"start":{"line":35,"column":0},"end":{"line":58,"column":2}},"17":{"start":{"line":36,"column":2},"end":{"line":36,"column":35}},"18":{"start":{"line":38,"column":2},"end":{"line":57,"column":6}},"19":{"start":{"line":40,"column":6},"end":{"line":53,"column":7}},"20":{"start":{"line":41,"column":8},"end":{"line":41,"column":47}},"21":{"start":{"line":43,"column":8},"end":{"line":52,"column":12}},"22":{"start":{"line":45,"column":12},"end":{"line":51,"column":13}},"23":{"start":{"line":47,"column":14},"end":{"line":47,"column":56}},"24":{"start":{"line":48,"column":14},"end":{"line":48,"column":39}},"25":{"start":{"line":50,"column":14},"end":{"line":50,"column":55}},"26":{"start":{"line":56,"column":6},"end":{"line":56,"column":16}},"27":{"start":{"line":61,"column":0},"end":{"line":78,"column":2}},"28":{"start":{"line":62,"column":2},"end":{"line":77,"column":7}},"29":{"start":{"line":64,"column":6},"end":{"line":73,"column":7}},"30":{"start":{"line":65,"column":8},"end":{"line":65,"column":47}},"31":{"start":{"line":68,"column":8},"end":{"line":70,"column":9}},"32":{"start":{"line":69,"column":10},"end":{"line":69,"column":38}},"33":{"start":{"line":71,"column":8},"end":{"line":71,"column":20}},"34":{"start":{"line":72,"column":8},"end":{"line":72,"column":28}},"35":{"start":{"line":76,"column":6},"end":{"line":76,"column":18}},"36":{"start":{"line":81,"column":0},"end":{"line":94,"column":2}},"37":{"start":{"line":82,"column":2},"end":{"line":93,"column":7}},"38":{"start":{"line":84,"column":6},"end":{"line":89,"column":7}},"39":{"start":{"line":85,"column":8},"end":{"line":85,"column":47}},"40":{"start":{"line":87,"column":8},"end":{"line":87,"column":22}},"41":{"start":{"line":88,"column":8},"end":{"line":88,"column":28}},"42":{"start":{"line":92,"column":6},"end":{"line":92,"column":18}},"43":{"start":{"line":96,"column":0},"end":{"line":96,"column":28}}},"branchMap":{"1":{"line":18,"type":"if","locations":[{"start":{"line":18,"column":6},"end":{"line":18,"column":6}},{"start":{"line":18,"column":6},"end":{"line":18,"column":6}}]},"2":{"line":40,"type":"if","locations":[{"start":{"line":40,"column":6},"end":{"line":40,"column":6}},{"start":{"line":40,"column":6},"end":{"line":40,"column":6}}]},"3":{"line":45,"type":"if","locations":[{"start":{"line":45,"column":12},"end":{"line":45,"column":12}},{"start":{"line":45,"column":12},"end":{"line":45,"column":12}}]},"4":{"line":64,"type":"if","locations":[{"start":{"line":64,"column":6},"end":{"line":64,"column":6}},{"start":{"line":64,"column":6},"end":{"line":64,"column":6}}]},"5":{"line":84,"type":"if","locations":[{"start":{"line":84,"column":6},"end":{"line":84,"column":6}},{"start":{"line":84,"column":6},"end":{"line":84,"column":6}}]}},"l":{"2":0,"3":0,"4":0,"6":0,"9":0,"10":0,"13":0,"14":0,"16":0,"18":0,"19":0,"21":0,"26":0,"27":0,"30":0,"35":0,"36":0,"38":0,"40":0,"41":0,"43":0,"45":0,"47":0,"48":0,"50":0,"56":0,"61":0,"62":0,"64":0,"65":0,"68":0,"69":0,"71":0,"72":0,"76":0,"81":0,"82":0,"84":0,"85":0,"87":0,"88":0,"92":0,"96":0}},
"/Users/sdt/Desktop/Triumpet/server/users/model.js":{"path":"/Users/sdt/Desktop/Triumpet/server/users/model.js","s":{"1":1,"2":1,"3":1,"4":1,"5":1,"6":1,"7":0,"8":0,"9":0,"10":0,"11":0,"12":0,"13":0,"14":1,"15":7,"16":7,"17":0,"18":7,"19":7,"20":0,"21":7,"22":7,"23":0,"24":7,"25":7,"26":7,"27":1},"b":{"1":[0,0],"2":[0,7],"3":[0,7],"4":[0,7]},"f":{"1":0,"2":0,"3":7,"4":7,"5":7},"fnMap":{"1":{"name":"(anonymous_1)","line":36,"loc":{"start":{"line":36,"column":38},"end":{"line":36,"column":54}}},"2":{"name":"(anonymous_2)","line":40,"loc":{"start":{"line":40,"column":33},"end":{"line":40,"column":54}}},"3":{"name":"(anonymous_3)","line":51,"loc":{"start":{"line":51,"column":23},"end":{"line":51,"column":37}}},"4":{"name":"(anonymous_4)","line":60,"loc":{"start":{"line":60,"column":35},"end":{"line":60,"column":53}}},"5":{"name":"(anonymous_5)","line":65,"loc":{"start":{"line":65,"column":43},"end":{"line":65,"column":61}}}},"statementMap":{"1":{"start":{"line":1,"column":0},"end":{"line":1,"column":44}},"2":{"start":{"line":2,"column":0},"end":{"line":2,"column":49}},"3":{"start":{"line":3,"column":0},"end":{"line":3,"column":37}},"4":{"start":{"line":4,"column":0},"end":{"line":4,"column":27}},"5":{"start":{"line":9,"column":0},"end":{"line":33,"column":3}},"6":{"start":{"line":36,"column":0},"end":{"line":48,"column":2}},"7":{"start":{"line":38,"column":2},"end":{"line":38,"column":24}},"8":{"start":{"line":39,"column":2},"end":{"line":39,"column":31}},"9":{"start":{"line":40,"column":2},"end":{"line":46,"column":5}},"10":{"start":{"line":41,"column":4},"end":{"line":45,"column":5}},"11":{"start":{"line":42,"column":6},"end":{"line":42,"column":24}},"12":{"start":{"line":44,"column":6},"end":{"line":44,"column":29}},"13":{"start":{"line":47,"column":2},"end":{"line":47,"column":23}},"14":{"start":{"line":51,"column":0},"end":{"line":76,"column":3}},"15":{"start":{"line":52,"column":2},"end":{"line":52,"column":18}},"16":{"start":{"line":55,"column":2},"end":{"line":57,"column":3}},"17":{"start":{"line":56,"column":4},"end":{"line":56,"column":18}},"18":{"start":{"line":60,"column":2},"end":{"line":75,"column":5}},"19":{"start":{"line":61,"column":4},"end":{"line":63,"column":5}},"20":{"start":{"line":62,"column":6},"end":{"line":62,"column":23}},"21":{"start":{"line":65,"column":4},"end":{"line":74,"column":7}},"22":{"start":{"line":66,"column":6},"end":{"line":68,"column":7}},"23":{"start":{"line":67,"column":8},"end":{"line":67,"column":25}},"24":{"start":{"line":71,"column":6},"end":{"line":71,"column":27}},"25":{"start":{"line":72,"column":6},"end":{"line":72,"column":23}},"26":{"start":{"line":73,"column":6},"end":{"line":73,"column":13}},"27":{"start":{"line":79,"column":0},"end":{"line":79,"column":53}}},"branchMap":{"1":{"line":41,"type":"if","locations":[{"start":{"line":41,"column":4},"end":{"line":41,"column":4}},{"start":{"line":41,"column":4},"end":{"line":41,"column":4}}]},"2":{"line":55,"type":"if","locations":[{"start":{"line":55,"column":2},"end":{"line":55,"column":2}},{"start":{"line":55,"column":2},"end":{"line":55,"column":2}}]},"3":{"line":61,"type":"if","locations":[{"start":{"line":61,"column":4},"end":{"line":61,"column":4}},{"start":{"line":61,"column":4},"end":{"line":61,"column":4}}]},"4":{"line":66,"type":"if","locations":[{"start":{"line":66,"column":6},"end":{"line":66,"column":6}},{"start":{"line":66,"column":6},"end":{"line":66,"column":6}}]}},"l":{"1":1,"2":1,"3":1,"4":1,"9":1,"36":1,"38":0,"39":0,"40":0,"41":0,"42":0,"44":0,"47":0,"51":1,"52":7,"55":7,"56":0,"60":7,"61":7,"62":0,"65":7,"66":7,"67":0,"71":7,"72":7,"73":7,"79":1}},
"/Users/sdt/Desktop/Triumpet/server/retailers/coordinates/model.js":{"path":"/Users/sdt/Desktop/Triumpet/server/retailers/coordinates/model.js","s":{"1":0,"2":0,"3":0},"b":{},"f":{},"fnMap":{},"statementMap":{"1":{"start":{"line":1,"column":0},"end":{"line":1,"column":44}},"2":{"start":{"line":8,"column":0},"end":{"line":11,"column":3}},"3":{"start":{"line":13,"column":0},"end":{"line":13,"column":35}}},"branchMap":{},"l":{"1":0,"8":0,"13":0}},
"/Users/sdt/Desktop/Triumpet/server/retailers/shelves/model.js":{"path":"/Users/sdt/Desktop/Triumpet/server/retailers/shelves/model.js","s":{"1":0,"2":0,"3":0,"4":0},"b":{},"f":{},"fnMap":{},"statementMap":{"1":{"start":{"line":1,"column":0},"end":{"line":1,"column":44}},"2":{"start":{"line":2,"column":0},"end":{"line":2,"column":59}},"3":{"start":{"line":9,"column":0},"end":{"line":14,"column":3}},"4":{"start":{"line":16,"column":0},"end":{"line":16,"column":31}}},"branchMap":{},"l":{"1":0,"2":0,"9":0,"16":0}}}
